#
# A fatal error has been detected by the Java Runtime Environment:
#
#  Internal Error (javaClasses.cpp:129), pid=12312, tid=16420
#  fatal error: Invalid layout of preloaded class
#
# JRE version: 7.0_11-b21
# Java VM: Java HotSpot(TM) 64-Bit Server VM (23.6-b04 mixed mode windows-amd64 compressed oops)
# Failed to write core dump. Minidumps are not enabled by default on client versions of Windows
#
# If you would like to submit a bug report, please visit:
#   http://bugreport.sun.com/bugreport/crash.jsp
#

---------------  T H R E A D  ---------------

Current thread (0x00000000004bd000):  JavaThread "Unknown thread" [_thread_in_vm, id=16420, stack(0x0000000002560000,0x0000000002660000)]

Stack: [0x0000000002560000,0x0000000002660000]

---------------  P R O C E S S  ---------------

Java Threads: ( => current thread )

Other Threads:

=>0x00000000004bd000 (exited) JavaThread "Unknown thread" [_thread_in_vm, id=16420, stack(0x0000000002560000,0x0000000002660000)]

VM state:not at safepoint (not fully initialized)

VM Mutex/Monitor currently owned by a thread: None

GC Heap History (0 events):
No events

Deoptimization events (0 events):
No events

Internal exceptions (0 events):
No events

Events (10 events):
Event: 0.122 loading class 0x00000000024d02c0 done
Event: 0.123 loading class 0x0000000002492a10 done
Event: 0.123 loading class 0x00000000024929e0
Event: 0.123 loading class 0x000000000b2ddd70
Event: 0.123 loading class 0x000000000b2ddd70 done
Event: 0.123 loading class 0x000000000b2dddb0
Event: 0.123 loading class 0x000000000b2dddb0 done
Event: 0.123 loading class 0x000000000b2df0e0
Event: 0.123 loading class 0x000000000b2df0e0 done
Event: 0.124 loading class 0x00000000024929e0 done


Dynamic libraries:
0x000000013f650000 - 0x000000013f683000 	C:\Program Files\Java\jre7\bin\javaw.exe
0x0000000077bc0000 - 0x0000000077d69000 	C:\windows\SYSTEM32\ntdll.dll
0x0000000065060000 - 0x00000000650aa000 	C:\Program Files\AVAST Software\Avast\snxhk64.dll
0x0000000077aa0000 - 0x0000000077bbf000 	C:\windows\system32\KERNEL32.dll
0x000007fefdd60000 - 0x000007fefddcb000 	C:\windows\system32\KERNELBASE.dll
0x000007feff890000 - 0x000007feff96b000 	C:\windows\system32\ADVAPI32.dll
0x000007fefe1a0000 - 0x000007fefe23f000 	C:\windows\system32\msvcrt.dll
0x000007fefea40000 - 0x000007fefea5f000 	C:\windows\SYSTEM32\sechost.dll
0x000007feffda0000 - 0x000007feffecd000 	C:\windows\system32\RPCRT4.dll
0x00000000779a0000 - 0x0000000077a9a000 	C:\windows\system32\USER32.dll
0x000007feffc50000 - 0x000007feffcb7000 	C:\windows\system32\GDI32.dll
0x000007fefea30000 - 0x000007fefea3e000 	C:\windows\system32\LPK.dll
0x000007fefe420000 - 0x000007fefe4e9000 	C:\windows\system32\USP10.dll
0x000007fefc9d0000 - 0x000007fefcbc4000 	C:\windows\WinSxS\amd64_microsoft.windows.common-controls_6595b64144ccf1df_6.0.7601.17514_none_fa396087175ac9ac\COMCTL32.dll
0x000007fefe850000 - 0x000007fefe8c1000 	C:\windows\system32\SHLWAPI.dll
0x000007fefdf00000 - 0x000007fefdf2e000 	C:\windows\system32\IMM32.DLL
0x000007fefddf0000 - 0x000007fefdef9000 	C:\windows\system32\MSCTF.dll
0x000007fefd960000 - 0x000007fefd9a0000 	C:\windows\system32\nvinitx.dll
0x00000000701e0000 - 0x00000000702b1000 	C:\Program Files\Java\jre7\bin\msvcr100.dll
0x0000000059890000 - 0x0000000059faf000 	C:\Program Files\Java\jre7\bin\server\jvm.dll
0x000007fefc890000 - 0x000007fefc899000 	C:\windows\system32\WSOCK32.dll
0x000007fefe4f0000 - 0x000007fefe53d000 	C:\windows\system32\WS2_32.dll
0x000007feff970000 - 0x000007feff978000 	C:\windows\system32\NSI.dll
0x000007fefb270000 - 0x000007fefb2ab000 	C:\windows\system32\WINMM.dll
0x0000000077d80000 - 0x0000000077d87000 	C:\windows\system32\PSAPI.DLL
0x0000000073fa0000 - 0x0000000073faf000 	C:\Program Files\Java\jre7\bin\verify.dll
0x0000000073bd0000 - 0x0000000073bf8000 	C:\Program Files\Java\jre7\bin\java.dll
0x0000000072440000 - 0x0000000072455000 	C:\Program Files\Java\jre7\bin\zip.dll

VM Arguments:
jvm_args: -ea -Dfile.encoding=Cp1252 -Xbootclasspath:C:\Users\Oliver\Downloads\adt-bundle-windows-x86_64-20130917\adt-bundle-windows-x86_64-20130917\sdk\platforms\android-18\android.jar 
java_command: org.eclipse.jdt.internal.junit.runner.RemoteTestRunner -version 3 -port 57363 -testLoaderClass org.eclipse.jdt.internal.junit.runner.junit3.JUnit3TestLoader -loaderpluginname org.eclipse.jdt.junit.runtime -test com.example.movietracker.ParserTest:testPullJSONDataToJSONObject
Launcher Type: SUN_STANDARD

Environment Variables:
CLASSPATH=.;C:\Program Files (x86)\Java\jre7\lib\ext\QTJava.zip
PATH=C:\PROGRAM FILES\COMMON FILES\MICROSOFT SHARED\WINDOWS LIVE;C:\PROGRAM FILES (X86)\COMMON FILES\MICROSOFT SHARED\WINDOWS LIVE;C:\windows\SYSTEM32;C:\windows;C:\windows\SYSTEM32\WBEM;C:\windows\SYSTEM32\WINDOWSPOWERSHELL\V1.0\;C:\PROGRAM FILES (X86)\WINDOWS LIVE\SHARED;C:\PROGRAM FILES (X86)\COMMON FILES\ROXIO SHARED\10.0\DLLSHARED\;C:\PROGRAM FILES\SOFTEX\OMNIPASS\;C:\PROGRAM FILES\FUJITSU\FJFP\;C:\Program Files (x86)\Microsoft SQL Server\100\Tools\Binn\;C:\Program Files\Microsoft SQL Server\100\Tools\Binn\;C:\Program Files\Microsoft SQL Server\100\DTS\Binn\;C:\Program Files (x86)\QuickTime\QTSystem\;C:\Program Files\MATLAB\R2012a\bin;C:\Users\Oliver\Dropbox\FTPING\Auto FTP Manager 5\;C:\Program Files\WIDCOMM\Bluetooth Software\;C:\Program Files\WIDCOMM\Bluetooth Software\syswow64;C:\Program Files\OpenVPN\bin;c:\users\oliver\downloads\current\openssl-win32\bin
USERNAME=Oliver
OS=Windows_NT
PROCESSOR_IDENTIFIER=Intel64 Family 6 Model 42 Stepping 7, GenuineIntel



---------------  S Y S T E M  ---------------

OS: Windows 7 , 64 bit Build 7601 Service Pack 1

CPU:total 4 (2 cores per cpu, 2 threads per core) family 6 model 42 stepping 7, cmov, cx8, fxsr, mmx, sse, sse2, sse3, ssse3, sse4.1, sse4.2, popcnt, avx, ht, tsc, tscinvbit

Memory: 4k page, physical 8115680k(3089448k free), swap 16229496k(8111220k free)

vm_info: Java HotSpot(TM) 64-Bit Server VM (23.6-b04) for windows-amd64 JRE (1.7.0_11-b21), built on Jan 12 2013 02:38:42 by "java_re" with unknown MS VC++:1600

time: Sun Nov 10 20:12:53 2013
elapsed time: 0 seconds

